{"/Users/joonaslongi/Development/cloud-selection/src/containers/Layout/index.tsx": {"path":"/Users/joonaslongi/Development/cloud-selection/src/containers/Layout/index.tsx","statementMap":{"0":{"start":{"line":1,"column":0},"end":{"line":1,"column":71}},"1":{"start":{"line":7,"column":15},"end":{"line":11,"column":null}},"2":{"start":{"line":7,"column":26},"end":{"line":7,"column":31}},"3":{"start":{"line":7,"column":35},"end":{"line":7,"column":44}},"4":{"start":{"line":7,"column":49},"end":{"line":11,"column":null}},"5":{"start":{"line":13,"column":0},"end":{"line":13,"column":null}}},"fnMap":{"0":{"name":"(anonymous_4)","decl":{"start":{"line":7,"column":15},"end":{"line":7,"column":16}},"loc":{"start":{"line":7,"column":44},"end":{"line":11,"column":null}}}},"branchMap":{},"s":{"0":1,"1":1,"2":2,"3":2,"4":2,"5":1},"f":{"0":2},"b":{}}
,"/Users/joonaslongi/Development/cloud-selection/src/containers/List/index.tsx": {"path":"/Users/joonaslongi/Development/cloud-selection/src/containers/List/index.tsx","statementMap":{"0":{"start":{"line":9,"column":13},"end":{"line":9,"column":null}},"1":{"start":{"line":9,"column":37},"end":{"line":9,"column":39}},"2":{"start":{"line":9,"column":49},"end":{"line":9,"column":51}},"3":{"start":{"line":9,"column":60},"end":{"line":9,"column":72}},"4":{"start":{"line":9,"column":77},"end":{"line":11,"column":null}},"5":{"start":{"line":13,"column":0},"end":{"line":13,"column":null}}},"fnMap":{"0":{"name":"(anonymous_0)","decl":{"start":{"line":9,"column":13},"end":{"line":9,"column":30}},"loc":{"start":{"line":9,"column":72},"end":{"line":9,"column":null}}}},"branchMap":{},"s":{"0":1,"1":4,"2":4,"3":4,"4":4,"5":1},"f":{"0":4},"b":{}}
,"/Users/joonaslongi/Development/cloud-selection/src/containers/Select/index.tsx": {"path":"/Users/joonaslongi/Development/cloud-selection/src/containers/Select/index.tsx","statementMap":{"0":{"start":{"line":1,"column":0},"end":{"line":1,"column":32}},"1":{"start":{"line":2,"column":0},"end":{"line":2,"column":65}},"2":{"start":{"line":3,"column":0},"end":{"line":3,"column":49}},"3":{"start":{"line":4,"column":0},"end":{"line":4,"column":43}},"4":{"start":{"line":5,"column":0},"end":{"line":5,"column":55}},"5":{"start":{"line":6,"column":0},"end":{"line":6,"column":53}},"6":{"start":{"line":20,"column":15},"end":{"line":47,"column":1}},"7":{"start":{"line":20,"column":41},"end":{"line":20,"column":43}},"8":{"start":{"line":20,"column":51},"end":{"line":20,"column":53}},"9":{"start":{"line":20,"column":55},"end":{"line":20,"column":57}},"10":{"start":{"line":20,"column":62},"end":{"line":20,"column":67}},"11":{"start":{"line":20,"column":71},"end":{"line":20,"column":83}},"12":{"start":{"line":21,"column":30},"end":{"line":21,"column":47}},"13":{"start":{"line":21,"column":16},"end":{"line":21,"column":18}},"14":{"start":{"line":21,"column":26},"end":{"line":21,"column":30}},"15":{"start":{"line":22,"column":25},"end":{"line":26,"column":5}},"16":{"start":{"line":23,"column":22},"end":{"line":23,"column":47}},"17":{"start":{"line":24,"column":8},"end":{"line":24,"column":null}},"18":{"start":{"line":25,"column":8},"end":{"line":25,"column":null}},"19":{"start":{"line":27,"column":4},"end":{"line":46,"column":null}},"20":{"start":{"line":39,"column":34},"end":{"line":39,"column":36}},"21":{"start":{"line":39,"column":41},"end":{"line":39,"column":43}},"22":{"start":{"line":39,"column":48},"end":{"line":43,"column":18}},"23":{"start":{"line":49,"column":0},"end":{"line":49,"column":null}}},"fnMap":{"0":{"name":"(anonymous_4)","decl":{"start":{"line":20,"column":15},"end":{"line":20,"column":34}},"loc":{"start":{"line":20,"column":83},"end":{"line":47,"column":1}}},"1":{"name":"(anonymous_5)","decl":{"start":{"line":22,"column":25},"end":{"line":22,"column":26}},"loc":{"start":{"line":22,"column":70},"end":{"line":26,"column":5}}},"2":{"name":"(anonymous_6)","decl":{"start":{"line":39,"column":27},"end":{"line":39,"column":28}},"loc":{"start":{"line":39,"column":43},"end":{"line":39,"column":null}}}},"branchMap":{},"s":{"0":1,"1":1,"2":1,"3":1,"4":1,"5":1,"6":1,"7":9,"8":9,"9":9,"10":9,"11":9,"12":9,"13":9,"14":9,"15":9,"16":4,"17":4,"18":4,"19":9,"20":27,"21":27,"22":27,"23":1},"f":{"0":9,"1":4,"2":27},"b":{}}
,"/Users/joonaslongi/Development/cloud-selection/src/containers/Styles/index.tsx": {"path":"/Users/joonaslongi/Development/cloud-selection/src/containers/Styles/index.tsx","statementMap":{"0":{"start":{"line":1,"column":0},"end":{"line":1,"column":56}},"1":{"start":{"line":2,"column":0},"end":{"line":2,"column":55}},"2":{"start":{"line":4,"column":0},"end":{"line":4,"column":33}},"3":{"start":{"line":10,"column":15},"end":{"line":10,"column":null}},"4":{"start":{"line":10,"column":26},"end":{"line":10,"column":35}},"5":{"start":{"line":10,"column":40},"end":{"line":15,"column":null}},"6":{"start":{"line":17,"column":0},"end":{"line":17,"column":null}}},"fnMap":{"0":{"name":"(anonymous_3)","decl":{"start":{"line":10,"column":15},"end":{"line":10,"column":16}},"loc":{"start":{"line":10,"column":35},"end":{"line":10,"column":null}}}},"branchMap":{},"s":{"0":1,"1":1,"2":1,"3":1,"4":2,"5":2,"6":1},"f":{"0":2},"b":{}}
,"/Users/joonaslongi/Development/cloud-selection/src/containers/Switch/index.tsx": {"path":"/Users/joonaslongi/Development/cloud-selection/src/containers/Switch/index.tsx","statementMap":{"0":{"start":{"line":1,"column":0},"end":{"line":1,"column":55}},"1":{"start":{"line":2,"column":0},"end":{"line":2,"column":65}},"2":{"start":{"line":3,"column":0},"end":{"line":3,"column":61}},"3":{"start":{"line":4,"column":0},"end":{"line":4,"column":65}},"4":{"start":{"line":13,"column":15},"end":{"line":23,"column":1}},"5":{"start":{"line":13,"column":23},"end":{"line":13,"column":25}},"6":{"start":{"line":13,"column":35},"end":{"line":13,"column":37}},"7":{"start":{"line":13,"column":45},"end":{"line":13,"column":50}},"8":{"start":{"line":13,"column":54},"end":{"line":13,"column":63}},"9":{"start":{"line":14,"column":25},"end":{"line":16,"column":5}},"10":{"start":{"line":15,"column":8},"end":{"line":15,"column":null}},"11":{"start":{"line":17,"column":4},"end":{"line":22,"column":null}},"12":{"start":{"line":25,"column":0},"end":{"line":25,"column":null}}},"fnMap":{"0":{"name":"(anonymous_4)","decl":{"start":{"line":13,"column":15},"end":{"line":13,"column":16}},"loc":{"start":{"line":13,"column":63},"end":{"line":23,"column":1}}},"1":{"name":"(anonymous_5)","decl":{"start":{"line":14,"column":25},"end":{"line":14,"column":26}},"loc":{"start":{"line":14,"column":68},"end":{"line":16,"column":5}}}},"branchMap":{},"s":{"0":1,"1":1,"2":1,"3":1,"4":1,"5":5,"6":5,"7":5,"8":5,"9":5,"10":2,"11":5,"12":1},"f":{"0":5,"1":2},"b":{}}
,"/Users/joonaslongi/Development/cloud-selection/src/pages/_app.tsx": {"path":"/Users/joonaslongi/Development/cloud-selection/src/pages/_app.tsx","statementMap":{"0":{"start":{"line":1,"column":0},"end":{"line":1,"column":33}},"1":{"start":{"line":3,"column":0},"end":{"line":3,"column":38}},"2":{"start":{"line":4,"column":0},"end":{"line":4,"column":38}},"3":{"start":{"line":6,"column":12},"end":{"line":21,"column":1}},"4":{"start":{"line":6,"column":24},"end":{"line":6,"column":26}},"5":{"start":{"line":6,"column":35},"end":{"line":6,"column":47}},"6":{"start":{"line":7,"column":4},"end":{"line":12,"column":null}},"7":{"start":{"line":8,"column":26},"end":{"line":8,"column":68}},"8":{"start":{"line":9,"column":8},"end":{"line":11,"column":null}},"9":{"start":{"line":10,"column":12},"end":{"line":10,"column":null}},"10":{"start":{"line":14,"column":4},"end":{"line":20,"column":null}},"11":{"start":{"line":23,"column":0},"end":{"line":23,"column":null}}},"fnMap":{"0":{"name":"(anonymous_3)","decl":{"start":{"line":6,"column":12},"end":{"line":6,"column":13}},"loc":{"start":{"line":6,"column":47},"end":{"line":21,"column":1}}},"1":{"name":"(anonymous_4)","decl":{"start":{"line":7,"column":14},"end":{"line":7,"column":null}},"loc":{"start":{"line":7,"column":14},"end":{"line":12,"column":5}}}},"branchMap":{"0":{"loc":{"start":{"line":9,"column":8},"end":{"line":11,"column":null}},"type":"if","locations":[{"start":{"line":9,"column":8},"end":{"line":11,"column":null}},{"start":{"line":9,"column":8},"end":{"line":11,"column":null}}]},"1":{"loc":{"start":{"line":9,"column":12},"end":{"line":9,"column":21}},"type":"binary-expr","locations":[{"start":{"line":9,"column":12},"end":{"line":9,"column":21}},{"start":{"line":9,"column":25},"end":{"line":9,"column":48}}]}},"s":{"0":0,"1":0,"2":0,"3":0,"4":0,"5":0,"6":0,"7":0,"8":0,"9":0,"10":0,"11":0},"f":{"0":0,"1":0},"b":{"0":[0,0],"1":[0,0]}}
,"/Users/joonaslongi/Development/cloud-selection/src/pages/_document.tsx": {"path":"/Users/joonaslongi/Development/cloud-selection/src/pages/_document.tsx","statementMap":{"0":{"start":{"line":1,"column":0},"end":{"line":1,"column":25}},"1":{"start":{"line":2,"column":0},"end":{"line":2,"column":64}},"2":{"start":{"line":3,"column":0},"end":{"line":3,"column":28}},"3":{"start":{"line":4,"column":0},"end":{"line":4,"column":60}},"4":{"start":{"line":6,"column":0},"end":{"line":6,"column":null}},"5":{"start":{"line":6,"column":26},"end":{"line":6,"column":34}},"6":{"start":{"line":7,"column":4},"end":{"line":25,"column":null}},"7":{"start":{"line":8,"column":8},"end":{"line":24,"column":null}},"8":{"start":{"line":26,"column":0},"end":{"line":26,"column":null}},"9":{"start":{"line":28,"column":0},"end":{"line":40,"column":null}},"10":{"start":{"line":28,"column":40},"end":{"line":40,"column":null}},"11":{"start":{"line":29,"column":10},"end":{"line":29,"column":null}},"12":{"start":{"line":30,"column":10},"end":{"line":30,"column":null}},"13":{"start":{"line":31,"column":4},"end":{"line":34,"column":null}},"14":{"start":{"line":32,"column":8},"end":{"line":34,"column":null}},"15":{"start":{"line":33,"column":33},"end":{"line":33,"column":null}},"16":{"start":{"line":33,"column":44},"end":{"line":33,"column":null}},"17":{"start":{"line":35,"column":25},"end":{"line":35,"column":null}},"18":{"start":{"line":35,"column":10},"end":{"line":35,"column":null}},"19":{"start":{"line":36,"column":4},"end":{"line":38,"column":null}},"20":{"start":{"line":42,"column":0},"end":{"line":42,"column":null}}},"fnMap":{"0":{"name":"(anonymous_29)","decl":{"start":{"line":6,"column":0},"end":{"line":6,"column":26}},"loc":{"start":{"line":6,"column":0},"end":{"line":26,"column":null}}},"1":{"name":"(anonymous_31)","decl":{"start":{"line":7,"column":4},"end":{"line":7,"column":10}},"loc":{"start":{"line":7,"column":4},"end":{"line":25,"column":5}}},"2":{"name":"(anonymous_32)","decl":{"start":{"line":28,"column":30},"end":{"line":28,"column":37}},"loc":{"start":{"line":28,"column":40},"end":{"line":40,"column":null}}},"3":{"name":"(anonymous_33)","decl":{"start":{"line":28,"column":40},"end":{"line":28,"column":null}},"loc":{"start":{"line":28,"column":40},"end":{"line":40,"column":null}}},"4":{"name":"(anonymous_35)","decl":{"start":{"line":31,"column":21},"end":{"line":31,"column":null}},"loc":{"start":{"line":31,"column":21},"end":{"line":32,"column":26}}},"5":{"name":"(anonymous_36)","decl":{"start":{"line":33,"column":24},"end":{"line":33,"column":25}},"loc":{"start":{"line":33,"column":28},"end":{"line":33,"column":34}}},"6":{"name":"(anonymous_37)","decl":{"start":{"line":33,"column":33},"end":{"line":33,"column":34}},"loc":{"start":{"line":33,"column":39},"end":{"line":33,"column":50}}}},"branchMap":{},"s":{"0":0,"1":0,"2":0,"3":0,"4":0,"5":0,"6":0,"7":0,"8":0,"9":0,"10":0,"11":0,"12":0,"13":0,"14":0,"15":0,"16":0,"17":0,"18":0,"19":0,"20":0},"f":{"0":0,"1":0,"2":0,"3":0,"4":0,"5":0,"6":0},"b":{}}
,"/Users/joonaslongi/Development/cloud-selection/src/pages/index.tsx": {"path":"/Users/joonaslongi/Development/cloud-selection/src/pages/index.tsx","statementMap":{"0":{"start":{"line":1,"column":0},"end":{"line":1,"column":43}},"1":{"start":{"line":3,"column":0},"end":{"line":3,"column":35}},"2":{"start":{"line":4,"column":0},"end":{"line":4,"column":83}},"3":{"start":{"line":5,"column":0},"end":{"line":5,"column":75}},"4":{"start":{"line":6,"column":0},"end":{"line":6,"column":34}},"5":{"start":{"line":7,"column":0},"end":{"line":7,"column":38}},"6":{"start":{"line":8,"column":0},"end":{"line":8,"column":38}},"7":{"start":{"line":10,"column":0},"end":{"line":10,"column":44}},"8":{"start":{"line":11,"column":0},"end":{"line":11,"column":49}},"9":{"start":{"line":12,"column":0},"end":{"line":12,"column":57}},"10":{"start":{"line":13,"column":0},"end":{"line":13,"column":39}},"11":{"start":{"line":14,"column":0},"end":{"line":14,"column":43}},"12":{"start":{"line":16,"column":13},"end":{"line":73,"column":1}},"13":{"start":{"line":17,"column":32},"end":{"line":17,"column":53}},"14":{"start":{"line":17,"column":17},"end":{"line":17,"column":19}},"15":{"start":{"line":17,"column":28},"end":{"line":17,"column":32}},"16":{"start":{"line":18,"column":38},"end":{"line":18,"column":62}},"17":{"start":{"line":18,"column":20},"end":{"line":18,"column":22}},"18":{"start":{"line":18,"column":34},"end":{"line":18,"column":38}},"19":{"start":{"line":19,"column":36},"end":{"line":19,"column":59}},"20":{"start":{"line":19,"column":19},"end":{"line":19,"column":21}},"21":{"start":{"line":19,"column":32},"end":{"line":19,"column":36}},"22":{"start":{"line":20,"column":42},"end":{"line":20,"column":66}},"23":{"start":{"line":20,"column":22},"end":{"line":20,"column":24}},"24":{"start":{"line":20,"column":38},"end":{"line":20,"column":42}},"25":{"start":{"line":21,"column":52},"end":{"line":21,"column":70}},"26":{"start":{"line":21,"column":27},"end":{"line":21,"column":29}},"27":{"start":{"line":21,"column":48},"end":{"line":21,"column":52}},"28":{"start":{"line":23,"column":4},"end":{"line":31,"column":null}},"29":{"start":{"line":24,"column":26},"end":{"line":29,"column":null}},"30":{"start":{"line":25,"column":25},"end":{"line":25,"column":null}},"31":{"start":{"line":25,"column":18},"end":{"line":25,"column":null}},"32":{"start":{"line":26,"column":12},"end":{"line":28,"column":null}},"33":{"start":{"line":27,"column":16},"end":{"line":27,"column":null}},"34":{"start":{"line":30,"column":8},"end":{"line":30,"column":null}},"35":{"start":{"line":33,"column":4},"end":{"line":49,"column":null}},"36":{"start":{"line":34,"column":28},"end":{"line":47,"column":null}},"37":{"start":{"line":35,"column":16},"end":{"line":35,"column":27}},"38":{"start":{"line":36,"column":16},"end":{"line":36,"column":null}},"39":{"start":{"line":38,"column":44},"end":{"line":38,"column":null}},"40":{"start":{"line":38,"column":26},"end":{"line":38,"column":null}},"41":{"start":{"line":39,"column":26},"end":{"line":39,"column":52}},"42":{"start":{"line":40,"column":20},"end":{"line":40,"column":null}},"43":{"start":{"line":41,"column":20},"end":{"line":41,"column":null}},"44":{"start":{"line":43,"column":20},"end":{"line":43,"column":null}},"45":{"start":{"line":44,"column":20},"end":{"line":44,"column":null}},"46":{"start":{"line":48,"column":8},"end":{"line":48,"column":null}},"47":{"start":{"line":51,"column":4},"end":{"line":72,"column":null}},"48":{"start":{"line":63,"column":39},"end":{"line":69,"column":null}},"49":{"start":{"line":75,"column":0},"end":{"line":75,"column":null}}},"fnMap":{"0":{"name":"(anonymous_16)","decl":{"start":{"line":16,"column":13},"end":{"line":16,"column":null}},"loc":{"start":{"line":16,"column":13},"end":{"line":73,"column":1}}},"1":{"name":"(anonymous_17)","decl":{"start":{"line":23,"column":14},"end":{"line":23,"column":null}},"loc":{"start":{"line":23,"column":14},"end":{"line":31,"column":5}}},"2":{"name":"(anonymous_18)","decl":{"start":{"line":24,"column":26},"end":{"line":24,"column":null}},"loc":{"start":{"line":24,"column":26},"end":{"line":29,"column":null}}},"3":{"name":"(anonymous_21)","decl":{"start":{"line":33,"column":14},"end":{"line":33,"column":null}},"loc":{"start":{"line":33,"column":14},"end":{"line":49,"column":5}}},"4":{"name":"(anonymous_22)","decl":{"start":{"line":34,"column":28},"end":{"line":34,"column":null}},"loc":{"start":{"line":34,"column":28},"end":{"line":47,"column":null}}},"5":{"name":"(anonymous_25)","decl":{"start":{"line":63,"column":28},"end":{"line":63,"column":29}},"loc":{"start":{"line":63,"column":34},"end":{"line":63,"column":null}}}},"branchMap":{"0":{"loc":{"start":{"line":25,"column":25},"end":{"line":25,"column":null}},"type":"switch","locations":[{"start":{"line":25,"column":25},"end":{"line":25,"column":null}}]},"1":{"loc":{"start":{"line":26,"column":12},"end":{"line":28,"column":null}},"type":"if","locations":[{"start":{"line":26,"column":12},"end":{"line":28,"column":null}},{"start":{"line":26,"column":12},"end":{"line":28,"column":null}}]},"2":{"loc":{"start":{"line":35,"column":16},"end":{"line":35,"column":27}},"type":"if","locations":[{"start":{"line":35,"column":16},"end":{"line":35,"column":27}},{"start":{"line":35,"column":16},"end":{"line":35,"column":27}}]},"3":{"loc":{"start":{"line":35,"column":16},"end":{"line":35,"column":27}},"type":"binary-expr","locations":[{"start":{"line":35,"column":16},"end":{"line":35,"column":27}},{"start":{"line":35,"column":31},"end":{"line":35,"column":40}}]},"4":{"loc":{"start":{"line":62,"column":89},"end":{"line":62,"column":97}},"type":"cond-expr","locations":[{"start":{"line":62,"column":89},"end":{"line":62,"column":97}},{"start":{"line":62,"column":100},"end":{"line":62,"column":109}}]}},"s":{"0":0,"1":0,"2":0,"3":0,"4":0,"5":0,"6":0,"7":0,"8":0,"9":0,"10":0,"11":0,"12":0,"13":0,"14":0,"15":0,"16":0,"17":0,"18":0,"19":0,"20":0,"21":0,"22":0,"23":0,"24":0,"25":0,"26":0,"27":0,"28":0,"29":0,"30":0,"31":0,"32":0,"33":0,"34":0,"35":0,"36":0,"37":0,"38":0,"39":0,"40":0,"41":0,"42":0,"43":0,"44":0,"45":0,"46":0,"47":0,"48":0,"49":0},"f":{"0":0,"1":0,"2":0,"3":0,"4":0,"5":0},"b":{"0":[0],"1":[0,0],"2":[0,0],"3":[0,0],"4":[0,0]}}
,"/Users/joonaslongi/Development/cloud-selection/src/styles/themes/index.ts": {"path":"/Users/joonaslongi/Development/cloud-selection/src/styles/themes/index.ts","statementMap":{"0":{"start":{"line":1,"column":0},"end":{"line":1,"column":57}},"1":{"start":{"line":2,"column":0},"end":{"line":2,"column":46}},"2":{"start":{"line":4,"column":14},"end":{"line":30,"column":2}},"3":{"start":{"line":32,"column":0},"end":{"line":32,"column":null}}},"fnMap":{},"branchMap":{},"s":{"0":1,"1":1,"2":1,"3":1},"f":{},"b":{}}
,"/Users/joonaslongi/Development/cloud-selection/src/utils/geolocation.ts": {"path":"/Users/joonaslongi/Development/cloud-selection/src/utils/geolocation.ts","statementMap":{"0":{"start":{"line":1,"column":0},"end":{"line":1,"column":36}},"1":{"start":{"line":9,"column":34},"end":{"line":17,"column":1}},"2":{"start":{"line":10,"column":4},"end":{"line":16,"column":null}},"3":{"start":{"line":11,"column":8},"end":{"line":15,"column":null}},"4":{"start":{"line":9,"column":13},"end":{"line":9,"column":34}},"5":{"start":{"line":19,"column":30},"end":{"line":20,"column":12}},"6":{"start":{"line":20,"column":4},"end":{"line":26,"column":null}},"7":{"start":{"line":23,"column":34},"end":{"line":23,"column":113}},"8":{"start":{"line":24,"column":34},"end":{"line":24,"column":113}},"9":{"start":{"line":25,"column":14},"end":{"line":25,"column":null}},"10":{"start":{"line":19,"column":13},"end":{"line":19,"column":30}}},"fnMap":{"0":{"name":"(anonymous_1)","decl":{"start":{"line":9,"column":34},"end":{"line":9,"column":null}},"loc":{"start":{"line":9,"column":34},"end":{"line":17,"column":1}}},"1":{"name":"(anonymous_2)","decl":{"start":{"line":10,"column":44},"end":{"line":10,"column":45}},"loc":{"start":{"line":10,"column":60},"end":{"line":16,"column":5}}},"2":{"name":"(anonymous_3)","decl":{"start":{"line":19,"column":30},"end":{"line":19,"column":31}},"loc":{"start":{"line":19,"column":70},"end":{"line":20,"column":12}}},"3":{"name":"(anonymous_4)","decl":{"start":{"line":22,"column":27},"end":{"line":22,"column":28}},"loc":{"start":{"line":22,"column":32},"end":{"line":26,"column":11}}}},"branchMap":{"0":{"loc":{"start":{"line":21,"column":10},"end":{"line":21,"column":16}},"type":"cond-expr","locations":[{"start":{"line":21,"column":10},"end":{"line":21,"column":16}},{"start":{"line":22,"column":10},"end":{"line":26,"column":12}}]}},"s":{"0":1,"1":1,"2":1,"3":1,"4":1,"5":1,"6":3,"7":10,"8":10,"9":10,"10":1},"f":{"0":1,"1":1,"2":3,"3":10},"b":{"0":[1,2]}}
,"/Users/joonaslongi/Development/cloud-selection/src/utils/provider.ts": {"path":"/Users/joonaslongi/Development/cloud-selection/src/utils/provider.ts","statementMap":{"0":{"start":{"line":3,"column":0},"end":{"line":3,"column":null}},"1":{"start":{"line":4,"column":4},"end":{"line":4,"column":null}},"2":{"start":{"line":5,"column":4},"end":{"line":5,"column":null}},"3":{"start":{"line":6,"column":4},"end":{"line":6,"column":null}},"4":{"start":{"line":7,"column":4},"end":{"line":7,"column":null}},"5":{"start":{"line":8,"column":4},"end":{"line":8,"column":null}},"6":{"start":{"line":11,"column":13},"end":{"line":32,"column":null}},"7":{"start":{"line":34,"column":32},"end":{"line":35,"column":13}},"8":{"start":{"line":35,"column":4},"end":{"line":40,"column":null}},"9":{"start":{"line":38,"column":33},"end":{"line":38,"column":null}},"10":{"start":{"line":39,"column":14},"end":{"line":39,"column":null}},"11":{"start":{"line":34,"column":13},"end":{"line":34,"column":32}}},"fnMap":{"0":{"name":"(anonymous_0)","decl":{"start":{"line":3,"column":0},"end":{"line":3,"column":12}},"loc":{"start":{"line":3,"column":20},"end":{"line":9,"column":1}}},"1":{"name":"(anonymous_1)","decl":{"start":{"line":34,"column":32},"end":{"line":34,"column":33}},"loc":{"start":{"line":34,"column":71},"end":{"line":35,"column":13}}},"2":{"name":"(anonymous_2)","decl":{"start":{"line":37,"column":24},"end":{"line":37,"column":25}},"loc":{"start":{"line":37,"column":30},"end":{"line":40,"column":11}}}},"branchMap":{"0":{"loc":{"start":{"line":3,"column":12},"end":{"line":3,"column":20}},"type":"binary-expr","locations":[{"start":{"line":3,"column":12},"end":{"line":3,"column":20}},{"start":{"line":3,"column":12},"end":{"line":3,"column":null}}]},"1":{"loc":{"start":{"line":36,"column":10},"end":{"line":36,"column":16}},"type":"cond-expr","locations":[{"start":{"line":36,"column":10},"end":{"line":36,"column":16}},{"start":{"line":37,"column":10},"end":{"line":40,"column":12}}]}},"s":{"0":1,"1":1,"2":1,"3":1,"4":1,"5":1,"6":1,"7":1,"8":4,"9":12,"10":12,"11":1},"f":{"0":1,"1":4,"2":12},"b":{"0":[1,1],"1":[1,3]}}
,"/Users/joonaslongi/Development/cloud-selection/src/utils/request.ts": {"path":"/Users/joonaslongi/Development/cloud-selection/src/utils/request.ts","statementMap":{"0":{"start":{"line":1,"column":13},"end":{"line":1,"column":38}},"1":{"start":{"line":3,"column":16},"end":{"line":18,"column":null}},"2":{"start":{"line":3,"column":38},"end":{"line":18,"column":null}},"3":{"start":{"line":4,"column":10},"end":{"line":4,"column":null}},"4":{"start":{"line":7,"column":25},"end":{"line":7,"column":null}},"5":{"start":{"line":7,"column":14},"end":{"line":7,"column":null}},"6":{"start":{"line":8,"column":8},"end":{"line":10,"column":null}},"7":{"start":{"line":9,"column":12},"end":{"line":9,"column":null}},"8":{"start":{"line":11,"column":21},"end":{"line":11,"column":null}},"9":{"start":{"line":11,"column":14},"end":{"line":11,"column":null}},"10":{"start":{"line":12,"column":8},"end":{"line":12,"column":null}},"11":{"start":{"line":14,"column":8},"end":{"line":14,"column":null}},"12":{"start":{"line":17,"column":4},"end":{"line":17,"column":null}},"13":{"start":{"line":20,"column":0},"end":{"line":20,"column":null}}},"fnMap":{"0":{"name":"(anonymous_13)","decl":{"start":{"line":3,"column":16},"end":{"line":3,"column":26}},"loc":{"start":{"line":3,"column":38},"end":{"line":18,"column":null}}},"1":{"name":"(anonymous_14)","decl":{"start":{"line":3,"column":38},"end":{"line":3,"column":null}},"loc":{"start":{"line":3,"column":38},"end":{"line":18,"column":null}}}},"branchMap":{"0":{"loc":{"start":{"line":17,"column":4},"end":{"line":17,"column":null}},"type":"switch","locations":[{"start":{"line":17,"column":4},"end":{"line":17,"column":null}}]},"1":{"loc":{"start":{"line":8,"column":8},"end":{"line":10,"column":null}},"type":"if","locations":[{"start":{"line":8,"column":8},"end":{"line":10,"column":null}},{"start":{"line":8,"column":8},"end":{"line":10,"column":null}}]}},"s":{"0":1,"1":1,"2":4,"3":4,"4":4,"5":4,"6":3,"7":1,"8":2,"9":2,"10":2,"11":1,"12":1,"13":1},"f":{"0":4,"1":4},"b":{"0":[1],"1":[1,2]}}
}
