TN:
SF:src/containers/Layout/index.tsx
FN:7,(anonymous_4)
FNF:1
FNH:1
FNDA:2,(anonymous_4)
DA:1,1
DA:7,2
DA:13,1
LF:3
LH:3
BRF:0
BRH:0
end_of_record
TN:
SF:src/containers/List/index.tsx
FN:9,(anonymous_0)
FNF:1
FNH:1
FNDA:4,(anonymous_0)
DA:9,4
DA:13,1
LF:2
LH:2
BRF:0
BRH:0
end_of_record
TN:
SF:src/containers/Select/index.tsx
FN:20,(anonymous_4)
FN:22,(anonymous_5)
FN:39,(anonymous_6)
FNF:3
FNH:3
FNDA:9,(anonymous_4)
FNDA:4,(anonymous_5)
FNDA:27,(anonymous_6)
DA:1,1
DA:2,1
DA:3,1
DA:4,1
DA:5,1
DA:6,1
DA:20,9
DA:21,9
DA:22,9
DA:23,4
DA:24,4
DA:25,4
DA:27,9
DA:39,27
DA:49,1
LF:15
LH:15
BRF:0
BRH:0
end_of_record
TN:
SF:src/containers/Styles/index.tsx
FN:10,(anonymous_3)
FNF:1
FNH:1
FNDA:2,(anonymous_3)
DA:1,1
DA:2,1
DA:4,1
DA:10,2
DA:17,1
LF:5
LH:5
BRF:0
BRH:0
end_of_record
TN:
SF:src/containers/Switch/index.tsx
FN:13,(anonymous_4)
FN:14,(anonymous_5)
FNF:2
FNH:2
FNDA:5,(anonymous_4)
FNDA:2,(anonymous_5)
DA:1,1
DA:2,1
DA:3,1
DA:4,1
DA:13,5
DA:14,5
DA:15,2
DA:17,5
DA:25,1
LF:9
LH:9
BRF:0
BRH:0
end_of_record
TN:
SF:src/pages/_app.tsx
FN:6,(anonymous_3)
FN:7,(anonymous_4)
FNF:2
FNH:0
FNDA:0,(anonymous_3)
FNDA:0,(anonymous_4)
DA:1,0
DA:3,0
DA:4,0
DA:6,0
DA:7,0
DA:8,0
DA:9,0
DA:10,0
DA:14,0
DA:23,0
LF:10
LH:0
BRDA:9,0,0,0
BRDA:9,0,1,0
BRDA:9,1,0,0
BRDA:9,1,1,0
BRF:4
BRH:0
end_of_record
TN:
SF:src/pages/_document.tsx
FN:6,(anonymous_29)
FN:7,(anonymous_31)
FN:28,(anonymous_32)
FN:28,(anonymous_33)
FN:31,(anonymous_35)
FN:33,(anonymous_36)
FN:33,(anonymous_37)
FNF:7
FNH:0
FNDA:0,(anonymous_29)
FNDA:0,(anonymous_31)
FNDA:0,(anonymous_32)
FNDA:0,(anonymous_33)
FNDA:0,(anonymous_35)
FNDA:0,(anonymous_36)
FNDA:0,(anonymous_37)
DA:1,0
DA:2,0
DA:3,0
DA:4,0
DA:6,0
DA:7,0
DA:8,0
DA:26,0
DA:28,0
DA:29,0
DA:30,0
DA:31,0
DA:32,0
DA:33,0
DA:35,0
DA:36,0
DA:42,0
LF:17
LH:0
BRF:0
BRH:0
end_of_record
TN:
SF:src/pages/index.tsx
FN:16,(anonymous_16)
FN:23,(anonymous_17)
FN:24,(anonymous_18)
FN:33,(anonymous_21)
FN:34,(anonymous_22)
FN:63,(anonymous_25)
FNF:6
FNH:0
FNDA:0,(anonymous_16)
FNDA:0,(anonymous_17)
FNDA:0,(anonymous_18)
FNDA:0,(anonymous_21)
FNDA:0,(anonymous_22)
FNDA:0,(anonymous_25)
DA:1,0
DA:3,0
DA:4,0
DA:5,0
DA:6,0
DA:7,0
DA:8,0
DA:10,0
DA:11,0
DA:12,0
DA:13,0
DA:14,0
DA:16,0
DA:17,0
DA:18,0
DA:19,0
DA:20,0
DA:21,0
DA:23,0
DA:24,0
DA:25,0
DA:26,0
DA:27,0
DA:30,0
DA:33,0
DA:34,0
DA:35,0
DA:36,0
DA:38,0
DA:39,0
DA:40,0
DA:41,0
DA:43,0
DA:44,0
DA:48,0
DA:51,0
DA:63,0
DA:75,0
LF:38
LH:0
BRDA:25,0,0,0
BRDA:26,1,0,0
BRDA:26,1,1,0
BRDA:35,2,0,0
BRDA:35,2,1,0
BRDA:35,3,0,0
BRDA:35,3,1,0
BRDA:62,4,0,0
BRDA:62,4,1,0
BRF:9
BRH:0
end_of_record
TN:
SF:src/styles/themes/index.ts
FNF:0
FNH:0
DA:1,1
DA:2,1
DA:4,1
DA:32,1
LF:4
LH:4
BRF:0
BRH:0
end_of_record
TN:
SF:src/utils/geolocation.ts
FN:9,(anonymous_1)
FN:10,(anonymous_2)
FN:19,(anonymous_3)
FN:22,(anonymous_4)
FNF:4
FNH:4
FNDA:1,(anonymous_1)
FNDA:1,(anonymous_2)
FNDA:3,(anonymous_3)
FNDA:10,(anonymous_4)
DA:1,1
DA:9,1
DA:10,1
DA:11,1
DA:19,1
DA:20,3
DA:23,10
DA:24,10
DA:25,10
LF:9
LH:9
BRDA:21,0,0,1
BRDA:21,0,1,2
BRF:2
BRH:2
end_of_record
TN:
SF:src/utils/provider.ts
FN:3,(anonymous_0)
FN:34,(anonymous_1)
FN:37,(anonymous_2)
FNF:3
FNH:3
FNDA:1,(anonymous_0)
FNDA:4,(anonymous_1)
FNDA:12,(anonymous_2)
DA:3,1
DA:4,1
DA:5,1
DA:6,1
DA:7,1
DA:8,1
DA:11,1
DA:34,1
DA:35,4
DA:38,12
DA:39,12
LF:11
LH:11
BRDA:3,0,0,1
BRDA:3,0,1,1
BRDA:36,1,0,1
BRDA:36,1,1,3
BRF:4
BRH:4
end_of_record
TN:
SF:src/utils/request.ts
FN:3,(anonymous_13)
FN:3,(anonymous_14)
FNF:2
FNH:2
FNDA:4,(anonymous_13)
FNDA:4,(anonymous_14)
DA:1,1
DA:3,4
DA:4,4
DA:7,4
DA:8,3
DA:9,1
DA:11,2
DA:12,2
DA:14,1
DA:17,1
DA:20,1
LF:11
LH:11
BRDA:17,0,0,1
BRDA:8,1,0,1
BRDA:8,1,1,2
BRF:3
BRH:3
end_of_record
